TN:
SF:src/modules/appointments/services/CreateAppointmentService.ts
FN:17,(anonymous_12)
FN:22,(anonymous_13)
FNF:2
FNH:2
FNDA:2,(anonymous_12)
FNDA:3,(anonymous_13)
DA:2,1
DA:3,1
DA:5,1
DA:16,1
DA:19,2
DA:26,3
DA:28,3
DA:32,3
DA:33,1
DA:36,2
DA:41,2
DA:45,1
LF:12
LH:12
BRDA:32,0,0,1
BRF:1
BRH:1
end_of_record
TN:
SF:src/modules/users/services/AuthenticateUserService.ts
FN:23,(anonymous_12)
FN:31,(anonymous_13)
FNF:2
FNH:2
FNDA:3,(anonymous_12)
FNDA:3,(anonymous_13)
DA:1,1
DA:2,1
DA:3,1
DA:5,1
DA:22,1
DA:25,3
DA:28,3
DA:32,3
DA:34,3
DA:35,1
DA:38,2
DA:40,2
DA:41,1
DA:44,1
DA:46,1
DA:51,1
DA:58,1
LF:17
LH:17
BRDA:34,0,0,1
BRDA:40,1,0,1
BRF:2
BRH:2
end_of_record
TN:
SF:src/modules/users/services/CreateUserService.ts
FN:16,(anonymous_12)
FN:24,(anonymous_13)
FNF:2
FNH:2
FNDA:5,(anonymous_12)
FNDA:5,(anonymous_13)
DA:1,2
DA:3,2
DA:15,2
DA:18,5
DA:21,5
DA:25,5
DA:27,5
DA:28,0
DA:31,5
DA:33,5
DA:39,5
DA:43,2
LF:12
LH:11
BRDA:27,0,0,0
BRF:1
BRH:0
end_of_record
TN:
SF:src/modules/users/services/ResetPasswordService.ts
FN:16,(anonymous_12)
FN:27,(anonymous_13)
FNF:2
FNH:2
FNDA:4,(anonymous_12)
FNDA:4,(anonymous_13)
DA:1,1
DA:2,1
DA:4,1
DA:15,1
DA:18,4
DA:21,4
DA:24,4
DA:28,4
DA:30,4
DA:31,2
DA:34,2
DA:36,2
DA:37,0
DA:40,2
DA:41,2
DA:43,2
DA:44,1
DA:47,1
DA:49,1
DA:54,1
LF:20
LH:19
BRDA:30,0,0,2
BRDA:36,1,0,0
BRDA:43,2,0,1
BRF:3
BRH:2
end_of_record
TN:
SF:src/modules/users/services/SendForgotPasswordEmailService.ts
FN:15,(anonymous_12)
FN:26,(anonymous_13)
FNF:2
FNH:2
FNDA:3,(anonymous_12)
FNDA:3,(anonymous_13)
DA:2,1
DA:3,1
DA:4,1
DA:14,1
DA:17,3
DA:20,3
DA:23,3
DA:27,3
DA:29,3
DA:30,1
DA:33,2
DA:35,2
DA:42,2
DA:59,1
LF:14
LH:14
BRDA:29,0,0,1
BRF:1
BRH:1
end_of_record
TN:
SF:src/modules/users/services/UpdateUserAvatarService.ts
FN:15,(anonymous_12)
FN:23,(anonymous_13)
FNF:2
FNH:2
FNDA:3,(anonymous_12)
FNDA:4,(anonymous_13)
DA:1,1
DA:3,1
DA:14,1
DA:17,3
DA:20,3
DA:24,4
DA:26,4
DA:27,1
DA:30,3
DA:31,1
DA:34,3
DA:35,3
DA:37,3
DA:39,3
DA:42,3
DA:46,1
LF:16
LH:16
BRDA:26,0,0,1
BRDA:30,1,0,1
BRDA:34,2,0,3
BRF:3
BRH:3
end_of_record
